<?xml version="1.0" encoding="UTF-8" standalone="no"?>
<testsuite failures="0" name="cucumber.runtime.formatter.JUnitFormatter" skipped="0" tests="1" time="25.560135">
    <testcase classname="To validate the login functionlity of icici bank application" name="To validate the login functionality with invalid username and password" time="25.560135">
        <system-out><![CDATA[Given To launch the chrome browser and maximize the windows.................passed
When To launch url of Icici application.....................................passed
And To click the arrow......................................................passed
And To pass email in username field.........................................passed
And To pass password in password field......................................passed
And To click on login.......................................................passed
Then To close the browser...................................................passed
]]></system-out>
    </testcase>
</testsuite>
